Line 14: Class MSDataGridLib.DataGrid of control DataGrid1 was not a loaded control class.
Line 20: The property name _ExtentX in DataGrid1 is invalid.
Line 21: The property name _ExtentY in DataGrid1 is invalid.
Line 22: The property name _Version in DataGrid1 is invalid.
Line 23: The property name HeadLines in DataGrid1 is invalid.
Line 24: The property name RowHeight in DataGrid1 is invalid.
Line 25: The property name FormatLocked in DataGrid1 is invalid.
Line 34: The property name HeadFont in DataGrid1 is invalid.
Line 44: The property name ColumnCount in DataGrid1 is invalid.
Line 57: The property name Column00 in DataGrid1 is invalid.
Line 70: The property name Column01 in DataGrid1 is invalid.
Line 83: The property name Column02 in DataGrid1 is invalid.
Line 96: The property name Column03 in DataGrid1 is invalid.
Line 97: The property name SplitCount in DataGrid1 is invalid.
Line 107: The property name Split0 in DataGrid1 is invalid.
Line 20: The property name _ExtentX in DataGrid1 is invalid.
Line 21: The property name _ExtentY in DataGrid1 is invalid.
Line 22: The property name _Version in DataGrid1 is invalid.
Line 23: The property name HeadLines in DataGrid1 is invalid.
Line 24: The property name RowHeight in DataGrid1 is invalid.
Line 25: The property name FormatLocked in DataGrid1 is invalid.
Line 34: The property name HeadFont in DataGrid1 is invalid.
Line 44: The property name ColumnCount in DataGrid1 is invalid.
Line 57: The property name Column00 in DataGrid1 is invalid.
Line 70: The property name Column01 in DataGrid1 is invalid.
Line 83: The property name Column02 in DataGrid1 is invalid.
Line 96: The property name Column03 in DataGrid1 is invalid.
Line 97: The property name SplitCount in DataGrid1 is invalid.
Line 107: The property name Split0 in DataGrid1 is invalid.
